[2026-06-10T00:10:32.636Z] [console:startGroupCollapsed] %cPixiJS Deprecation Warning: %c%s color:#614108;background:#fffbe6 font-weight:normal;color:#614108;background:#fffbe6 settings.FILTER_RESOLUTION is deprecated, use Filter.defaultResolution
Deprecated since v7.1.0 @ https://gameslnzcht1apac.lotteryplus.com/games/20259_nz_supercashdash/sideplayGame-concat.min.js?v=0.0.6:1:246132
[2026-06-10T00:10:32.637Z] [console:warning] @https://gameslnzcht1apac.lotteryplus.com/games/20259_nz_supercashdash/sideplayGame-concat.min.js:2:1576104
global code@https://gameslnzcht1apac.lotteryplus.com/games/20259_nz_supercashdash/sideplayGame-concat.min.js:2:1576108 @ https://gameslnzcht1apac.lotteryplus.com/games/20259_nz_supercashdash/sideplayGame-concat.min.js?v=0.0.6:1:246303
[2026-06-10T00:10:32.637Z] [console:endGroup] 
[2026-06-10T00:10:33.201Z] [console:log] My iRGS site id is: 55 @ https://gameslnzcht1apac.lotteryplus.com/games/20259_nz_supercashdash/sideplayGame-concat.min.js?v=0.0.6:1:1358102
[2026-06-10T00:10:33.201Z] [console:log] SG Content Hub Wrapper init called @ https://gameslnzcht1apac.lotteryplus.com/games/20259_nz_supercashdash/sideplayGame-concat.min.js?v=0.0.6:1:1352244
[2026-06-10T00:10:33.553Z] [console:log] %c SG Overlay API Version: 1.7.54 DEV color: green;background: #000;font-size: 12px;padding: 3px @ https://hubfe-prod.instantrgs.com/wrap/sgfew.js?ts=1781050233102:0:49030
[2026-06-10T00:10:33.608Z] [console:log] %c Initialize operator LNZ color: green;background: #000;font-size: 12px;padding: 3px @ https://hubfe-prod.instantrgs.com/wrap/sgfew.js?ts=1781050233102:0:49907
[2026-06-10T00:10:33.833Z] [console:log] %c SGFE_BRIDGE Initialize called color: green;background: #000;font-size: 12px;padding: 3px @ https://hubfe-prod.instantrgs.com/wrap/sgfew.js?ts=1781050233102:0:50516
[2026-06-10T00:10:34.335Z] [console:log] %c SGFE_BRIDGE getOperatorInformation called color: green;background: #000;font-size: 12px;padding: 3px @ https://hubfe-prod.instantrgs.com/wrap/sgfew.js?ts=1781050233102:0:50767
[2026-06-10T00:10:34.335Z] [console:log] %c SGFE_BRIDGE notifyLoadingStarted called color: green;background: #000;font-size: 12px;padding: 3px @ https://hubfe-prod.instantrgs.com/wrap/sgfew.js?ts=1781050233102:0:52325
[2026-06-10T00:10:34.335Z] [console:warning] URL PARAM sendEvent undefined. @ https://gameslnzcht1apac.lotteryplus.com/games/20259_nz_supercashdash/sideplayGame-concat.min.js?v=0.0.6:1:1325394
[2026-06-10T00:10:34.335Z] [console:warning] URL PARAM jurisdiction undefined. @ https://gameslnzcht1apac.lotteryplus.com/games/20259_nz_supercashdash/sideplayGame-concat.min.js?v=0.0.6:1:1325394
[2026-06-10T00:10:34.335Z] [console:warning] URL PARAM historyURL undefined. @ https://gameslnzcht1apac.lotteryplus.com/games/20259_nz_supercashdash/sideplayGame-concat.min.js?v=0.0.6:1:1325394
[2026-06-10T00:10:34.337Z] [console:warning] URL PARAM showTimeFullScreen undefined. @ https://gameslnzcht1apac.lotteryplus.com/games/20259_nz_supercashdash/sideplayGame-concat.min.js?v=0.0.6:1:1325394
[2026-06-10T00:10:34.337Z] [console:warning] URL PARAM rcExpired undefined. @ https://gameslnzcht1apac.lotteryplus.com/games/20259_nz_supercashdash/sideplayGame-concat.min.js?v=0.0.6:1:1325394
[2026-06-10T00:10:34.337Z] [console:warning] URL PARAM rcStake undefined. @ https://gameslnzcht1apac.lotteryplus.com/games/20259_nz_supercashdash/sideplayGame-concat.min.js?v=0.0.6:1:1325394
[2026-06-10T00:10:34.337Z] [console:warning] URL PARAM rcPayout undefined. @ https://gameslnzcht1apac.lotteryplus.com/games/20259_nz_supercashdash/sideplayGame-concat.min.js?v=0.0.6:1:1325394
[2026-06-10T00:10:34.338Z] [console:warning] URL PARAM rcBets undefined. @ https://gameslnzcht1apac.lotteryplus.com/games/20259_nz_supercashdash/sideplayGame-concat.min.js?v=0.0.6:1:1325394
[2026-06-10T00:10:34.916Z] [console:log] Websocket opened :) Event @ https://gameslnzcht1apac.lotteryplus.com/games/20259_nz_supercashdash/sideplayGame-concat.min.js?v=0.0.6:1:1309415
[2026-06-10T00:10:34.917Z] [console:log] Logging in to websocket with request: {"lang":"en","sendEvent":null,"gameID":20259,"siteID":55,"brandID":540,"jurisdiction":null,"sessionID":"guest","fixedID":"guest","funReal":-1,"lobbyURL":"https://ripley.cat.mylotto.co.nz/instant-kiwi/online-games","historyURL":null,"endpoint":"irgslnzcht1apac.lotteryplus.com/irgs/websocket","showTimeFullScreen":null,"rcSet":"false","rcPeriod":0,"rcExpired":null,"rcStake":null,"rcPayout":null,"rcBets":null,"channel":"1","requestType":"login"} @ https://gameslnzcht1apac.lotteryplus.com/games/20259_nz_supercashdash/sideplayGame-concat.min.js?v=0.0.6:1:1317997
[2026-06-10T00:10:34.951Z] [console:log] Websocket message received: MessageEvent @ https://gameslnzcht1apac.lotteryplus.com/games/20259_nz_supercashdash/sideplayGame-concat.min.js?v=0.0.6:1:1309692
[2026-06-10T00:10:34.953Z] [console:log] Received object: {timestamp: 495785265552193, requestType: login, playerDetails: undefined, credit: Object, bonusCredit: undefined} @ https://gameslnzcht1apac.lotteryplus.com/games/20259_nz_supercashdash/sideplayGame-concat.min.js?v=0.0.6:1:1319953
[2026-06-10T00:10:34.953Z] [console:log] Response was expected. @ https://gameslnzcht1apac.lotteryplus.com/games/20259_nz_supercashdash/sideplayGame-concat.min.js?v=0.0.6:1:1320709
[2026-06-10T00:10:34.953Z] [console:log] Sending init @ https://gameslnzcht1apac.lotteryplus.com/games/20259_nz_supercashdash/sideplayGame-concat.min.js?v=0.0.6:1:1312500
[2026-06-10T00:10:35.139Z] [console:log] Websocket message received: MessageEvent @ https://gameslnzcht1apac.lotteryplus.com/games/20259_nz_supercashdash/sideplayGame-concat.min.js?v=0.0.6:1:1309692
[2026-06-10T00:10:35.140Z] [console:log] Received object: {timestamp: 495785341216046, requestType: game, publicState: undefined, setup: Object, tournaments: undefined} @ https://gameslnzcht1apac.lotteryplus.com/games/20259_nz_supercashdash/sideplayGame-concat.min.js?v=0.0.6:1:1319953
[2026-06-10T00:10:35.140Z] [console:log] Response was expected. @ https://gameslnzcht1apac.lotteryplus.com/games/20259_nz_supercashdash/sideplayGame-concat.min.js?v=0.0.6:1:1320709
[2026-06-10T00:10:35.140Z] [console:log] Sending setup. @ https://gameslnzcht1apac.lotteryplus.com/games/20259_nz_supercashdash/sideplayGame-concat.min.js?v=0.0.6:1:1312744
[2026-06-10T00:10:35.170Z] [console:log] Websocket message received: MessageEvent @ https://gameslnzcht1apac.lotteryplus.com/games/20259_nz_supercashdash/sideplayGame-concat.min.js?v=0.0.6:1:1309692
[2026-06-10T00:10:35.172Z] [console:log] Received object: {timestamp: 495785459518471, requestType: game, publicState: undefined, setup: Object, tournaments: undefined} @ https://gameslnzcht1apac.lotteryplus.com/games/20259_nz_supercashdash/sideplayGame-concat.min.js?v=0.0.6:1:1319953
[2026-06-10T00:10:35.172Z] [console:log] Response was expected. @ https://gameslnzcht1apac.lotteryplus.com/games/20259_nz_supercashdash/sideplayGame-concat.min.js?v=0.0.6:1:1320709
[2026-06-10T00:10:35.860Z] [console:warning] [Resolver] already has key: Inter Bold overwriting @ https://gameslnzcht1apac.lotteryplus.com/games/20259_nz_supercashdash/sideplayGame-concat.min.js?v=0.0.6:1:509254
[2026-06-10T00:10:35.860Z] [console:warning] [Resolver] already has key: core-Inter Bold overwriting @ https://gameslnzcht1apac.lotteryplus.com/games/20259_nz_supercashdash/sideplayGame-concat.min.js?v=0.0.6:1:509254
[2026-06-10T00:10:36.258Z] [console:log] %c SGFE_BRIDGE notifyLoadingProgress called color: green;background: #000;font-size: 12px;padding: 3px @ https://hubfe-prod.instantrgs.com/wrap/sgfew.js?ts=1781050233102:0:52746
[2026-06-10T00:10:36.258Z] [console:log] %c SGFE_BRIDGE notifyLoadingProgress called color: green;background: #000;font-size: 12px;padding: 3px @ https://hubfe-prod.instantrgs.com/wrap/sgfew.js?ts=1781050233102:0:52746
[2026-06-10T00:10:36.612Z] [console:log] %c SGFE_BRIDGE notifyLoadingProgress called color: green;background: #000;font-size: 12px;padding: 3px @ https://hubfe-prod.instantrgs.com/wrap/sgfew.js?ts=1781050233102:0:52746
[2026-06-10T00:10:36.612Z] [console:log] %c SGFE_BRIDGE notifyLoadingProgress called color: green;background: #000;font-size: 12px;padding: 3px @ https://hubfe-prod.instantrgs.com/wrap/sgfew.js?ts=1781050233102:0:52746
[2026-06-10T00:10:37.061Z] [console:log] %c SGFE_BRIDGE notifyLoadingProgress called color: green;background: #000;font-size: 12px;padding: 3px @ https://hubfe-prod.instantrgs.com/wrap/sgfew.js?ts=1781050233102:0:52746
[2026-06-10T00:10:37.129Z] [console:log] %c SGFE_BRIDGE notifyLoadingProgress called color: green;background: #000;font-size: 12px;padding: 3px @ https://hubfe-prod.instantrgs.com/wrap/sgfew.js?ts=1781050233102:0:52746
[2026-06-10T00:10:37.377Z] [console:log] %c SGFE_BRIDGE notifyLoadingProgress called color: green;background: #000;font-size: 12px;padding: 3px @ https://hubfe-prod.instantrgs.com/wrap/sgfew.js?ts=1781050233102:0:52746
[2026-06-10T00:10:37.377Z] [console:log] %c SGFE_BRIDGE notifyLoadingProgress called color: green;background: #000;font-size: 12px;padding: 3px @ https://hubfe-prod.instantrgs.com/wrap/sgfew.js?ts=1781050233102:0:52746
[2026-06-10T00:10:37.682Z] [console:log] %c SGFE_BRIDGE notifyLoadingProgress called color: green;background: #000;font-size: 12px;padding: 3px @ https://hubfe-prod.instantrgs.com/wrap/sgfew.js?ts=1781050233102:0:52746
[2026-06-10T00:10:38.037Z] [console:log] %c SGFE_BRIDGE notifyLoadingProgress called color: green;background: #000;font-size: 12px;padding: 3px @ https://hubfe-prod.instantrgs.com/wrap/sgfew.js?ts=1781050233102:0:52746
[2026-06-10T00:10:38.262Z] [console:log] %c SGFE_BRIDGE notifyLoadingProgress called color: green;background: #000;font-size: 12px;padding: 3px @ https://hubfe-prod.instantrgs.com/wrap/sgfew.js?ts=1781050233102:0:52746
[2026-06-10T00:10:38.262Z] [console:log] %c SGFE_BRIDGE notifyLoadingProgress called color: green;background: #000;font-size: 12px;padding: 3px @ https://hubfe-prod.instantrgs.com/wrap/sgfew.js?ts=1781050233102:0:52746
[2026-06-10T00:10:38.309Z] [console:log] %c SGFE_BRIDGE notifyLoadingProgress called color: green;background: #000;font-size: 12px;padding: 3px @ https://hubfe-prod.instantrgs.com/wrap/sgfew.js?ts=1781050233102:0:52746
[2026-06-10T00:10:38.316Z] [console:log] %c SGFE_BRIDGE notifyLoadingProgress called color: green;background: #000;font-size: 12px;padding: 3px @ https://hubfe-prod.instantrgs.com/wrap/sgfew.js?ts=1781050233102:0:52746
[2026-06-10T00:10:38.316Z] [console:log] %c SGFE_BRIDGE notifyLoadingProgress called color: green;background: #000;font-size: 12px;padding: 3px @ https://hubfe-prod.instantrgs.com/wrap/sgfew.js?ts=1781050233102:0:52746
[2026-06-10T00:10:38.317Z] [console:log] %c SGFE_BRIDGE notifyLoadingProgress called color: green;background: #000;font-size: 12px;padding: 3px @ https://hubfe-prod.instantrgs.com/wrap/sgfew.js?ts=1781050233102:0:52746
[2026-06-10T00:10:38.460Z] [console:log] %c SGFE_BRIDGE notifyLoadingProgress called color: green;background: #000;font-size: 12px;padding: 3px @ https://hubfe-prod.instantrgs.com/wrap/sgfew.js?ts=1781050233102:0:52746
[2026-06-10T00:10:38.704Z] [console:log] %c SGFE_BRIDGE notifyLoadingProgress called color: green;background: #000;font-size: 12px;padding: 3px @ https://hubfe-prod.instantrgs.com/wrap/sgfew.js?ts=1781050233102:0:52746
[2026-06-10T00:10:38.774Z] [console:log] %c SGFE_BRIDGE notifyLoadingProgress called color: green;background: #000;font-size: 12px;padding: 3px @ https://hubfe-prod.instantrgs.com/wrap/sgfew.js?ts=1781050233102:0:52746
[2026-06-10T00:10:38.780Z] [console:log] %c SGFE_BRIDGE notifyLoadingProgress called color: green;background: #000;font-size: 12px;padding: 3px @ https://hubfe-prod.instantrgs.com/wrap/sgfew.js?ts=1781050233102:0:52746
[2026-06-10T00:10:38.807Z] [console:log] %c SGFE_BRIDGE notifyLoadingProgress called color: green;background: #000;font-size: 12px;padding: 3px @ https://hubfe-prod.instantrgs.com/wrap/sgfew.js?ts=1781050233102:0:52746
[2026-06-10T00:10:38.809Z] [console:log] %c SGFE_BRIDGE notifyLoadingProgress called color: green;background: #000;font-size: 12px;padding: 3px @ https://hubfe-prod.instantrgs.com/wrap/sgfew.js?ts=1781050233102:0:52746
[2026-06-10T00:10:38.809Z] [console:log] %c SGFE_BRIDGE notifyLoadingProgress called color: green;background: #000;font-size: 12px;padding: 3px @ https://hubfe-prod.instantrgs.com/wrap/sgfew.js?ts=1781050233102:0:52746
[2026-06-10T00:10:38.809Z] [console:log] %c SGFE_BRIDGE notifyLoadingProgress called color: green;background: #000;font-size: 12px;padding: 3px @ https://hubfe-prod.instantrgs.com/wrap/sgfew.js?ts=1781050233102:0:52746
[2026-06-10T00:10:38.809Z] [console:log] %c SGFE_BRIDGE notifyLoadingProgress called color: green;background: #000;font-size: 12px;padding: 3px @ https://hubfe-prod.instantrgs.com/wrap/sgfew.js?ts=1781050233102:0:52746
[2026-06-10T00:10:38.897Z] [console:log] %c SGFE_BRIDGE notifyLoadingProgress called color: green;background: #000;font-size: 12px;padding: 3px @ https://hubfe-prod.instantrgs.com/wrap/sgfew.js?ts=1781050233102:0:52746
[2026-06-10T00:10:38.898Z] [console:log] %c SGFE_BRIDGE notifyLoadingProgress called color: green;background: #000;font-size: 12px;padding: 3px @ https://hubfe-prod.instantrgs.com/wrap/sgfew.js?ts=1781050233102:0:52746
[2026-06-10T00:10:39.161Z] [console:log] %c SGFE_BRIDGE notifyLoadingProgress called color: green;background: #000;font-size: 12px;padding: 3px @ https://hubfe-prod.instantrgs.com/wrap/sgfew.js?ts=1781050233102:0:52746
[2026-06-10T00:10:39.168Z] [console:log] %c SGFE_BRIDGE notifyLoadingProgress called color: green;background: #000;font-size: 12px;padding: 3px @ https://hubfe-prod.instantrgs.com/wrap/sgfew.js?ts=1781050233102:0:52746
[2026-06-10T00:10:39.168Z] [console:log] %c SGFE_BRIDGE notifyLoadingProgress called color: green;background: #000;font-size: 12px;padding: 3px @ https://hubfe-prod.instantrgs.com/wrap/sgfew.js?ts=1781050233102:0:52746
[2026-06-10T00:10:39.177Z] [console:log] %c SGFE_BRIDGE notifyLoadingProgress called color: green;background: #000;font-size: 12px;padding: 3px @ https://hubfe-prod.instantrgs.com/wrap/sgfew.js?ts=1781050233102:0:52746
[2026-06-10T00:10:39.177Z] [console:log] %c SGFE_BRIDGE notifyLoadingProgress called color: green;background: #000;font-size: 12px;padding: 3px @ https://hubfe-prod.instantrgs.com/wrap/sgfew.js?ts=1781050233102:0:52746
[2026-06-10T00:10:39.179Z] [console:log] %c SGFE_BRIDGE notifyLoadingProgress called color: green;background: #000;font-size: 12px;padding: 3px @ https://hubfe-prod.instantrgs.com/wrap/sgfew.js?ts=1781050233102:0:52746
[2026-06-10T00:10:39.256Z] [console:log] %c SGFE_BRIDGE notifyLoadingProgress called color: green;background: #000;font-size: 12px;padding: 3px @ https://hubfe-prod.instantrgs.com/wrap/sgfew.js?ts=1781050233102:0:52746
[2026-06-10T00:10:39.256Z] [console:log] %c SGFE_BRIDGE notifyLoadingProgress called color: green;background: #000;font-size: 12px;padding: 3px @ https://hubfe-prod.instantrgs.com/wrap/sgfew.js?ts=1781050233102:0:52746
[2026-06-10T00:10:39.256Z] [console:log] %c SGFE_BRIDGE notifyLoadingProgress called color: green;background: #000;font-size: 12px;padding: 3px @ https://hubfe-prod.instantrgs.com/wrap/sgfew.js?ts=1781050233102:0:52746
[2026-06-10T00:10:39.272Z] [console:log] %c SGFE_BRIDGE notifyLoadingProgress called color: green;background: #000;font-size: 12px;padding: 3px @ https://hubfe-prod.instantrgs.com/wrap/sgfew.js?ts=1781050233102:0:52746
[2026-06-10T00:10:39.451Z] [console:log] %c SGFE_BRIDGE notifyLoadingProgress called color: green;background: #000;font-size: 12px;padding: 3px @ https://hubfe-prod.instantrgs.com/wrap/sgfew.js?ts=1781050233102:0:52746
[2026-06-10T00:10:39.484Z] [console:log] %c SGFE_BRIDGE notifyLoadingProgress called color: green;background: #000;font-size: 12px;padding: 3px @ https://hubfe-prod.instantrgs.com/wrap/sgfew.js?ts=1781050233102:0:52746
[2026-06-10T00:10:39.510Z] [console:log] %c SGFE_BRIDGE notifyLoadingProgress called color: green;background: #000;font-size: 12px;padding: 3px @ https://hubfe-prod.instantrgs.com/wrap/sgfew.js?ts=1781050233102:0:52746
[2026-06-10T00:10:39.510Z] [console:log] %c SGFE_BRIDGE notifyLoadingProgress called color: green;background: #000;font-size: 12px;padding: 3px @ https://hubfe-prod.instantrgs.com/wrap/sgfew.js?ts=1781050233102:0:52746
[2026-06-10T00:10:39.606Z] [console:log] %c SGFE_BRIDGE notifyLoadingProgress called color: green;background: #000;font-size: 12px;padding: 3px @ https://hubfe-prod.instantrgs.com/wrap/sgfew.js?ts=1781050233102:0:52746
[2026-06-10T00:10:39.764Z] [console:log] %c SGFE_BRIDGE notifyLoadingProgress called color: green;background: #000;font-size: 12px;padding: 3px @ https://hubfe-prod.instantrgs.com/wrap/sgfew.js?ts=1781050233102:0:52746
[2026-06-10T00:10:39.803Z] [console:log] %c SGFE_BRIDGE notifyLoadingProgress called color: green;background: #000;font-size: 12px;padding: 3px @ https://hubfe-prod.instantrgs.com/wrap/sgfew.js?ts=1781050233102:0:52746
[2026-06-10T00:10:39.862Z] [console:log] %c SGFE_BRIDGE notifyLoadingProgress called color: green;background: #000;font-size: 12px;padding: 3px @ https://hubfe-prod.instantrgs.com/wrap/sgfew.js?ts=1781050233102:0:52746
[2026-06-10T00:10:39.868Z] [console:log] %c SGFE_BRIDGE notifyLoadingProgress called color: green;background: #000;font-size: 12px;padding: 3px @ https://hubfe-prod.instantrgs.com/wrap/sgfew.js?ts=1781050233102:0:52746
[2026-06-10T00:10:39.869Z] [console:log] %c SGFE_BRIDGE notifyLoadingProgress called color: green;background: #000;font-size: 12px;padding: 3px @ https://hubfe-prod.instantrgs.com/wrap/sgfew.js?ts=1781050233102:0:52746
[2026-06-10T00:10:39.869Z] [console:log] %c SGFE_BRIDGE notifyLoadingProgress called color: green;background: #000;font-size: 12px;padding: 3px @ https://hubfe-prod.instantrgs.com/wrap/sgfew.js?ts=1781050233102:0:52746
[2026-06-10T00:10:39.892Z] [console:log] %c SGFE_BRIDGE notifyLoadingProgress called color: green;background: #000;font-size: 12px;padding: 3px @ https://hubfe-prod.instantrgs.com/wrap/sgfew.js?ts=1781050233102:0:52746
[2026-06-10T00:10:39.892Z] [console:log] %c SGFE_BRIDGE notifyLoadingProgress called color: green;background: #000;font-size: 12px;padding: 3px @ https://hubfe-prod.instantrgs.com/wrap/sgfew.js?ts=1781050233102:0:52746
[2026-06-10T00:10:39.892Z] [console:log] %c SGFE_BRIDGE notifyLoadingProgress called color: green;background: #000;font-size: 12px;padding: 3px @ https://hubfe-prod.instantrgs.com/wrap/sgfew.js?ts=1781050233102:0:52746
[2026-06-10T00:10:39.892Z] [console:log] %c SGFE_BRIDGE notifyLoadingProgress called color: green;background: #000;font-size: 12px;padding: 3px @ https://hubfe-prod.instantrgs.com/wrap/sgfew.js?ts=1781050233102:0:52746
[2026-06-10T00:10:39.907Z] [console:log] %c SGFE_BRIDGE notifyLoadingProgress called color: green;background: #000;font-size: 12px;padding: 3px @ https://hubfe-prod.instantrgs.com/wrap/sgfew.js?ts=1781050233102:0:52746
[2026-06-10T00:10:39.907Z] [console:log] %c SGFE_BRIDGE notifyLoadingProgress called color: green;background: #000;font-size: 12px;padding: 3px @ https://hubfe-prod.instantrgs.com/wrap/sgfew.js?ts=1781050233102:0:52746
[2026-06-10T00:10:39.987Z] [console:log] %c SGFE_BRIDGE notifyLoadingProgress called color: green;background: #000;font-size: 12px;padding: 3px @ https://hubfe-prod.instantrgs.com/wrap/sgfew.js?ts=1781050233102:0:52746
[2026-06-10T00:10:40.139Z] [console:log] %c SGFE_BRIDGE notifyLoadingProgress called color: green;background: #000;font-size: 12px;padding: 3px @ https://hubfe-prod.instantrgs.com/wrap/sgfew.js?ts=1781050233102:0:52746
[2026-06-10T00:10:40.180Z] [console:log] %c SGFE_BRIDGE notifyLoadingProgress called color: green;background: #000;font-size: 12px;padding: 3px @ https://hubfe-prod.instantrgs.com/wrap/sgfew.js?ts=1781050233102:0:52746
[2026-06-10T00:10:40.182Z] [console:log] %c SGFE_BRIDGE notifyLoadingProgress called color: green;background: #000;font-size: 12px;padding: 3px @ https://hubfe-prod.instantrgs.com/wrap/sgfew.js?ts=1781050233102:0:52746
[2026-06-10T00:10:40.188Z] [console:log] %c SGFE_BRIDGE notifyLoadingProgress called color: green;background: #000;font-size: 12px;padding: 3px @ https://hubfe-prod.instantrgs.com/wrap/sgfew.js?ts=1781050233102:0:52746
[2026-06-10T00:10:40.266Z] [console:log] %c SGFE_BRIDGE notifyLoadingProgress called color: green;background: #000;font-size: 12px;padding: 3px @ https://hubfe-prod.instantrgs.com/wrap/sgfew.js?ts=1781050233102:0:52746
[2026-06-10T00:10:40.410Z] [console:log] %c SGFE_BRIDGE notifyLoadingProgress called color: green;background: #000;font-size: 12px;padding: 3px @ https://hubfe-prod.instantrgs.com/wrap/sgfew.js?ts=1781050233102:0:52746
[2026-06-10T00:10:40.410Z] [console:log] %c SGFE_BRIDGE notifyLoadingProgress called color: green;background: #000;font-size: 12px;padding: 3px @ https://hubfe-prod.instantrgs.com/wrap/sgfew.js?ts=1781050233102:0:52746
[2026-06-10T00:10:40.410Z] [console:log] %c SGFE_BRIDGE notifyLoadingProgress called color: green;background: #000;font-size: 12px;padding: 3px @ https://hubfe-prod.instantrgs.com/wrap/sgfew.js?ts=1781050233102:0:52746
[2026-06-10T00:10:40.455Z] [console:log] %c SGFE_BRIDGE notifyLoadingProgress called color: green;background: #000;font-size: 12px;padding: 3px @ https://hubfe-prod.instantrgs.com/wrap/sgfew.js?ts=1781050233102:0:52746
[2026-06-10T00:10:40.460Z] [console:log] %c SGFE_BRIDGE notifyLoadingProgress called color: green;background: #000;font-size: 12px;padding: 3px @ https://hubfe-prod.instantrgs.com/wrap/sgfew.js?ts=1781050233102:0:52746
[2026-06-10T00:10:40.460Z] [console:log] %c SGFE_BRIDGE notifyLoadingProgress called color: green;background: #000;font-size: 12px;padding: 3px @ https://hubfe-prod.instantrgs.com/wrap/sgfew.js?ts=1781050233102:0:52746
[2026-06-10T00:10:40.465Z] [console:log] %c SGFE_BRIDGE notifyLoadingProgress called color: green;background: #000;font-size: 12px;padding: 3px @ https://hubfe-prod.instantrgs.com/wrap/sgfew.js?ts=1781050233102:0:52746
[2026-06-10T00:10:40.465Z] [console:log] %c SGFE_BRIDGE notifyLoadingProgress called color: green;background: #000;font-size: 12px;padding: 3px @ https://hubfe-prod.instantrgs.com/wrap/sgfew.js?ts=1781050233102:0:52746
[2026-06-10T00:10:40.465Z] [console:log] %c SGFE_BRIDGE notifyLoadingProgress called color: green;background: #000;font-size: 12px;padding: 3px @ https://hubfe-prod.instantrgs.com/wrap/sgfew.js?ts=1781050233102:0:52746
[2026-06-10T00:10:40.672Z] [console:log] %c SGFE_BRIDGE notifyLoadingProgress called color: green;background: #000;font-size: 12px;padding: 3px @ https://hubfe-prod.instantrgs.com/wrap/sgfew.js?ts=1781050233102:0:52746
[2026-06-10T00:10:41.034Z] [console:log] %c SGFE_BRIDGE notifyLoadingProgress called color: green;background: #000;font-size: 12px;padding: 3px @ https://hubfe-prod.instantrgs.com/wrap/sgfew.js?ts=1781050233102:0:52746
[2026-06-10T00:10:41.034Z] [console:log] %c SGFE_BRIDGE notifyLoadingProgress called color: green;background: #000;font-size: 12px;padding: 3px @ https://hubfe-prod.instantrgs.com/wrap/sgfew.js?ts=1781050233102:0:52746
[2026-06-10T00:10:41.034Z] [console:log] %c SGFE_BRIDGE notifyLoadingProgress called color: green;background: #000;font-size: 12px;padding: 3px @ https://hubfe-prod.instantrgs.com/wrap/sgfew.js?ts=1781050233102:0:52746
[2026-06-10T00:10:41.099Z] [console:log] %c SGFE_BRIDGE notifyLoadingProgress called color: green;background: #000;font-size: 12px;padding: 3px @ https://hubfe-prod.instantrgs.com/wrap/sgfew.js?ts=1781050233102:0:52746
[2026-06-10T00:10:41.209Z] [console:log] %c SGFE_BRIDGE notifyLoadingProgress called color: green;background: #000;font-size: 12px;padding: 3px @ https://hubfe-prod.instantrgs.com/wrap/sgfew.js?ts=1781050233102:0:52746
[2026-06-10T00:10:41.209Z] [console:log] %c SGFE_BRIDGE notifyLoadingProgress called color: green;background: #000;font-size: 12px;padding: 3px @ https://hubfe-prod.instantrgs.com/wrap/sgfew.js?ts=1781050233102:0:52746
[2026-06-10T00:10:41.210Z] [console:log] %c SGFE_BRIDGE notifyLoadingProgress called color: green;background: #000;font-size: 12px;padding: 3px @ https://hubfe-prod.instantrgs.com/wrap/sgfew.js?ts=1781050233102:0:52746
[2026-06-10T00:10:41.212Z] [console:log] %c SGFE_BRIDGE notifyLoadingProgress called color: green;background: #000;font-size: 12px;padding: 3px @ https://hubfe-prod.instantrgs.com/wrap/sgfew.js?ts=1781050233102:0:52746
[2026-06-10T00:10:41.429Z] [console:log] %c SGFE_BRIDGE notifyLoadingProgress called color: green;background: #000;font-size: 12px;padding: 3px @ https://hubfe-prod.instantrgs.com/wrap/sgfew.js?ts=1781050233102:0:52746
[2026-06-10T00:10:41.429Z] [console:log] %c SGFE_BRIDGE notifyLoadingProgress called color: green;background: #000;font-size: 12px;padding: 3px @ https://hubfe-prod.instantrgs.com/wrap/sgfew.js?ts=1781050233102:0:52746
[2026-06-10T00:10:41.466Z] [console:log] %c SGFE_BRIDGE notifyLoadingProgress called color: green;background: #000;font-size: 12px;padding: 3px @ https://hubfe-prod.instantrgs.com/wrap/sgfew.js?ts=1781050233102:0:52746
[2026-06-10T00:10:41.470Z] [console:log] %c SGFE_BRIDGE notifyLoadingProgress called color: green;background: #000;font-size: 12px;padding: 3px @ https://hubfe-prod.instantrgs.com/wrap/sgfew.js?ts=1781050233102:0:52746
[2026-06-10T00:10:41.571Z] [console:log] %c SGFE_BRIDGE notifyLoadingProgress called color: green;background: #000;font-size: 12px;padding: 3px @ https://hubfe-prod.instantrgs.com/wrap/sgfew.js?ts=1781050233102:0:52746
[2026-06-10T00:10:41.572Z] [console:log] %c SGFE_BRIDGE notifyLoadingProgress called color: green;background: #000;font-size: 12px;padding: 3px @ https://hubfe-prod.instantrgs.com/wrap/sgfew.js?ts=1781050233102:0:52746
[2026-06-10T00:10:41.572Z] [console:log] %c SGFE_BRIDGE notifyLoadingProgress called color: green;background: #000;font-size: 12px;padding: 3px @ https://hubfe-prod.instantrgs.com/wrap/sgfew.js?ts=1781050233102:0:52746
[2026-06-10T00:10:41.718Z] [console:log] %c SGFE_BRIDGE notifyLoadingProgress called color: green;background: #000;font-size: 12px;padding: 3px @ https://hubfe-prod.instantrgs.com/wrap/sgfew.js?ts=1781050233102:0:52746
[2026-06-10T00:10:41.736Z] [console:log] %c SGFE_BRIDGE notifyLoadingProgress called color: green;background: #000;font-size: 12px;padding: 3px @ https://hubfe-prod.instantrgs.com/wrap/sgfew.js?ts=1781050233102:0:52746
[2026-06-10T00:10:41.736Z] [console:log] %c SGFE_BRIDGE notifyLoadingProgress called color: green;background: #000;font-size: 12px;padding: 3px @ https://hubfe-prod.instantrgs.com/wrap/sgfew.js?ts=1781050233102:0:52746
[2026-06-10T00:10:41.737Z] [console:log] %c SGFE_BRIDGE notifyLoadingProgress called color: green;background: #000;font-size: 12px;padding: 3px @ https://hubfe-prod.instantrgs.com/wrap/sgfew.js?ts=1781050233102:0:52746
[2026-06-10T00:10:41.808Z] [console:log] %c SGFE_BRIDGE notifyLoadingProgress called color: green;background: #000;font-size: 12px;padding: 3px @ https://hubfe-prod.instantrgs.com/wrap/sgfew.js?ts=1781050233102:0:52746
[2026-06-10T00:10:41.979Z] [console:log] %c SGFE_BRIDGE notifyLoadingProgress called color: green;background: #000;font-size: 12px;padding: 3px @ https://hubfe-prod.instantrgs.com/wrap/sgfew.js?ts=1781050233102:0:52746
[2026-06-10T00:10:41.979Z] [console:log] %c SGFE_BRIDGE notifyLoadingProgress called color: green;background: #000;font-size: 12px;padding: 3px @ https://hubfe-prod.instantrgs.com/wrap/sgfew.js?ts=1781050233102:0:52746
[2026-06-10T00:10:41.979Z] [console:log] %c SGFE_BRIDGE notifyLoadingProgress called color: green;background: #000;font-size: 12px;padding: 3px @ https://hubfe-prod.instantrgs.com/wrap/sgfew.js?ts=1781050233102:0:52746
[2026-06-10T00:10:41.981Z] [console:log] %c SGFE_BRIDGE notifyLoadingProgress called color: green;background: #000;font-size: 12px;padding: 3px @ https://hubfe-prod.instantrgs.com/wrap/sgfew.js?ts=1781050233102:0:52746
[2026-06-10T00:10:42.164Z] [console:log] %c SGFE_BRIDGE notifyLoadingProgress called color: green;background: #000;font-size: 12px;padding: 3px @ https://hubfe-prod.instantrgs.com/wrap/sgfew.js?ts=1781050233102:0:52746
[2026-06-10T00:10:42.167Z] [console:log] %c SGFE_BRIDGE notifyLoadingProgress called color: green;background: #000;font-size: 12px;padding: 3px @ https://hubfe-prod.instantrgs.com/wrap/sgfew.js?ts=1781050233102:0:52746
[2026-06-10T00:10:42.167Z] [console:log] %c SGFE_BRIDGE notifyLoadingProgress called color: green;background: #000;font-size: 12px;padding: 3px @ https://hubfe-prod.instantrgs.com/wrap/sgfew.js?ts=1781050233102:0:52746
[2026-06-10T00:10:42.193Z] [console:log] %c SGFE_BRIDGE notifyLoadingProgress called color: green;background: #000;font-size: 12px;padding: 3px @ https://hubfe-prod.instantrgs.com/wrap/sgfew.js?ts=1781050233102:0:52746
[2026-06-10T00:10:42.262Z] [console:log] %c SGFE_BRIDGE notifyLoadingProgress called color: green;background: #000;font-size: 12px;padding: 3px @ https://hubfe-prod.instantrgs.com/wrap/sgfew.js?ts=1781050233102:0:52746
[2026-06-10T00:10:42.372Z] [console:log] %c SGFE_BRIDGE notifyLoadingProgress called color: green;background: #000;font-size: 12px;padding: 3px @ https://hubfe-prod.instantrgs.com/wrap/sgfew.js?ts=1781050233102:0:52746
[2026-06-10T00:10:42.372Z] [console:log] %c SGFE_BRIDGE notifyLoadingProgress called color: green;background: #000;font-size: 12px;padding: 3px @ https://hubfe-prod.instantrgs.com/wrap/sgfew.js?ts=1781050233102:0:52746
[2026-06-10T00:10:42.373Z] [console:log] %c SGFE_BRIDGE notifyLoadingProgress called color: green;background: #000;font-size: 12px;padding: 3px @ https://hubfe-prod.instantrgs.com/wrap/sgfew.js?ts=1781050233102:0:52746
[2026-06-10T00:10:42.473Z] [console:log] %c SGFE_BRIDGE notifyLoadingProgress called color: green;background: #000;font-size: 12px;padding: 3px @ https://hubfe-prod.instantrgs.com/wrap/sgfew.js?ts=1781050233102:0:52746
[2026-06-10T00:10:42.606Z] [console:log] %c SGFE_BRIDGE notifyLoadingProgress called color: green;background: #000;font-size: 12px;padding: 3px @ https://hubfe-prod.instantrgs.com/wrap/sgfew.js?ts=1781050233102:0:52746
[2026-06-10T00:10:42.606Z] [console:log] %c SGFE_BRIDGE notifyLoadingProgress called color: green;background: #000;font-size: 12px;padding: 3px @ https://hubfe-prod.instantrgs.com/wrap/sgfew.js?ts=1781050233102:0:52746
[2026-06-10T00:10:42.606Z] [console:log] %c SGFE_BRIDGE notifyLoadingProgress called color: green;background: #000;font-size: 12px;padding: 3px @ https://hubfe-prod.instantrgs.com/wrap/sgfew.js?ts=1781050233102:0:52746
[2026-06-10T00:10:42.664Z] [console:log] %c SGFE_BRIDGE notifyLoadingProgress called color: green;background: #000;font-size: 12px;padding: 3px @ https://hubfe-prod.instantrgs.com/wrap/sgfew.js?ts=1781050233102:0:52746
[2026-06-10T00:10:42.673Z] [console:log] %c SGFE_BRIDGE notifyLoadingProgress called color: green;background: #000;font-size: 12px;padding: 3px @ https://hubfe-prod.instantrgs.com/wrap/sgfew.js?ts=1781050233102:0:52746
[2026-06-10T00:10:42.674Z] [console:log] %c SGFE_BRIDGE notifyLoadingProgress called color: green;background: #000;font-size: 12px;padding: 3px @ https://hubfe-prod.instantrgs.com/wrap/sgfew.js?ts=1781050233102:0:52746
[2026-06-10T00:10:42.676Z] [console:log] %c SGFE_BRIDGE notifyLoadingProgress called color: green;background: #000;font-size: 12px;padding: 3px @ https://hubfe-prod.instantrgs.com/wrap/sgfew.js?ts=1781050233102:0:52746
[2026-06-10T00:10:42.757Z] [console:log] %c SGFE_BRIDGE notifyLoadingProgress called color: green;background: #000;font-size: 12px;padding: 3px @ https://hubfe-prod.instantrgs.com/wrap/sgfew.js?ts=1781050233102:0:52746
[2026-06-10T00:10:42.924Z] [console:log] %c SGFE_BRIDGE notifyLoadingProgress called color: green;background: #000;font-size: 12px;padding: 3px @ https://hubfe-prod.instantrgs.com/wrap/sgfew.js?ts=1781050233102:0:52746
[2026-06-10T00:10:42.924Z] [console:log] %c SGFE_BRIDGE notifyLoadingProgress called color: green;background: #000;font-size: 12px;padding: 3px @ https://hubfe-prod.instantrgs.com/wrap/sgfew.js?ts=1781050233102:0:52746
[2026-06-10T00:10:44.213Z] [console:warning] [Cache] already has key: menu_panel_open @ https://gameslnzcht1apac.lotteryplus.com/games/20259_nz_supercashdash/sideplayGame-concat.min.js?v=0.0.6:1:498111
[2026-06-10T00:10:44.214Z] [console:log] %c SGFE_BRIDGE notifyLoadingProgress called color: green;background: #000;font-size: 12px;padding: 3px @ https://hubfe-prod.instantrgs.com/wrap/sgfew.js?ts=1781050233102:0:52746
[2026-06-10T00:10:44.366Z] [console:log] %c SGFE_BRIDGE notifyLoadingProgress called color: green;background: #000;font-size: 12px;padding: 3px @ https://hubfe-prod.instantrgs.com/wrap/sgfew.js?ts=1781050233102:0:52746
[2026-06-10T00:10:44.533Z] [console:log] %c SGFE_BRIDGE notifyLoadingProgress called color: green;background: #000;font-size: 12px;padding: 3px @ https://hubfe-prod.instantrgs.com/wrap/sgfew.js?ts=1781050233102:0:52746
[2026-06-10T00:10:44.678Z] [console:log] %c SGFE_BRIDGE notifyLoadingProgress called color: green;background: #000;font-size: 12px;padding: 3px @ https://hubfe-prod.instantrgs.com/wrap/sgfew.js?ts=1781050233102:0:52746
[2026-06-10T00:10:45.361Z] [console:log] %c SGFE_BRIDGE notifyLoadingProgress called color: green;background: #000;font-size: 12px;padding: 3px @ https://hubfe-prod.instantrgs.com/wrap/sgfew.js?ts=1781050233102:0:52746
[2026-06-10T00:10:45.650Z] [console:log] %c SGFE_BRIDGE notifyLoadingProgress called color: green;background: #000;font-size: 12px;padding: 3px @ https://hubfe-prod.instantrgs.com/wrap/sgfew.js?ts=1781050233102:0:52746
[2026-06-10T00:10:46.027Z] [console:log] %c SGFE_BRIDGE notifyLoadingProgress called color: green;background: #000;font-size: 12px;padding: 3px @ https://hubfe-prod.instantrgs.com/wrap/sgfew.js?ts=1781050233102:0:52746
[2026-06-10T00:10:46.448Z] [console:log] %c SGFE_BRIDGE notifyLoadingProgress called color: green;background: #000;font-size: 12px;padding: 3px @ https://hubfe-prod.instantrgs.com/wrap/sgfew.js?ts=1781050233102:0:52746
[2026-06-10T00:10:46.448Z] [console:log] %c SGFE_BRIDGE notifyBalanceUpdate called color: green;background: #000;font-size: 12px;padding: 3px @ https://hubfe-prod.instantrgs.com/wrap/sgfew.js?ts=1781050233102:0:53263
[2026-06-10T00:10:46.448Z] [console:log] %c SGFE_BRIDGE notifyStakeUpdate called color: green;background: #000;font-size: 12px;padding: 3px @ https://hubfe-prod.instantrgs.com/wrap/sgfew.js?ts=1781050233102:0:53124
[2026-06-10T00:10:46.450Z] [console:log] %c SGFE_BRIDGE notifyLoadingEnded called color: green;background: #000;font-size: 12px;padding: 3px @ https://hubfe-prod.instantrgs.com/wrap/sgfew.js?ts=1781050233102:0:52986
[2026-06-10T00:10:46.582Z] [console:warning] Failed to read the parent iframes style info. The balance bar may have scaling issues. @ https://gameslnzcht1apac.lotteryplus.com/games/20259_nz_supercashdash/sideplayGame-concat.min.js?v=0.0.6:1:715015
[2026-06-10T00:10:47.216Z] [console:startGroupCollapsed] %cPixiJS Deprecation Warning: %c%s color:#614108;background:#fffbe6 font-weight:normal;color:#614108;background:#fffbe6 Setting interactive is deprecated, use eventMode = 'none'/'passive'/'auto'/'static'/'dynamic' instead.
Deprecated since v7.2.0 @ https://gameslnzcht1apac.lotteryplus.com/games/20259_nz_supercashdash/sideplayGame-concat.min.js?v=0.0.6:1:246132
[2026-06-10T00:10:47.217Z] [console:warning] TT@https://gameslnzcht1apac.lotteryplus.com/games/20259_nz_supercashdash/sideplayGame-concat.min.js:2:1549965
load@https://gameslnzcht1apac.lotteryplus.com/games/20259_nz_supercashdash/sideplayGame-concat.min.js:2:1551892
addStates@https://gameslnzcht1apac.lotteryplus.com/games/20259_nz_supercashdash/sideplayGame-concat.min.js:2:1266911
setup@https://gameslnzcht1apac.lotteryplus.com/games/20259_nz_supercashdash/sideplayGame-concat.min.js:2:1417351
@https://gameslnzcht1apac.lotteryplus.com/games/20259_nz_supercashdash/sideplayGame-concat.min.js:2:1575830 @ https://gameslnzcht1apac.lotteryplus.com/games/20259_nz_supercashdash/sideplayGame-concat.min.js?v=0.0.6:1:246303
[2026-06-10T00:10:47.217Z] [console:endGroup] 
[2026-06-10T00:10:47.377Z] [console:startGroupCollapsed] %cPixiJS Deprecation Warning: %c%s color:#614108;background:#fffbe6 font-weight:normal;color:#614108;background:#fffbe6 utils.hex2rgb is deprecated, use Color#toRgbArray instead
Deprecated since v7.2.0 @ https://gameslnzcht1apac.lotteryplus.com/games/20259_nz_supercashdash/sideplayGame-concat.min.js?v=0.0.6:1:246132
[2026-06-10T00:10:47.378Z] [console:warning] assign@[native code]
IS@https://gameslnzcht1apac.lotteryplus.com/games/20259_nz_supercashdash/sideplayGame-concat.min.js:2:1446726
load@https://gameslnzcht1apac.lotteryplus.com/games/20259_nz_supercashdash/sideplayGame-concat.min.js:2:1448360
addStates@https://gameslnzcht1apac.lotteryplus.com/games/20259_nz_supercashdash/sideplayGame-concat.min.js:2:1266911
setup@https://gameslnzcht1apac.lotteryplus.com/games/20259_nz_supercashdash/sideplayGame-concat.min.js:2:1417351
@https://gameslnzcht1apac.lotteryplus.com/games/20259_nz_supercashdash/sideplayGame-concat.min.js:2:1575830 @ https://gameslnzcht1apac.lotteryplus.com/games/20259_nz_supercashdash/sideplayGame-concat.min.js?v=0.0.6:1:246303
[2026-06-10T00:10:47.378Z] [console:endGroup] 
[2026-06-10T00:10:47.554Z] [console:log] %c SGFE_BRIDGE notifyGameIsReady called color: green;background: #000;font-size: 12px;padding: 3px @ https://hubfe-prod.instantrgs.com/wrap/sgfew.js?ts=1781050233102:0:51425
[2026-06-10T00:10:47.560Z] [console:log] %c SGFE_BRIDGE notifyStakeUpdate called color: green;background: #000;font-size: 12px;padding: 3px @ https://hubfe-prod.instantrgs.com/wrap/sgfew.js?ts=1781050233102:0:53124
[2026-06-10T00:10:53.693Z] [pageerror] TypeError: null is not an object (evaluating 'this._context.onstatechange=()=>{Uu.log("Audio Context state changed:",this._context.state),"pixi"==Jx.settings.loader.type&&(Howler.state="suspended"==th...
Unhandled Promise Rejection: TypeError: null is not an object (evaluating 'this._context.onstatechange=()=>{Uu.log("Audio Context state changed:",this._context.state),"pixi"==Jx.settings.loader.type&&(Howler.state="suspended"==th...
    at _startContext (https://gameslnzcht1apac.lotteryplus.com/games/20259_nz_supercashdash/sideplayGame-concat.min.js?v=0.0.6:2:950518)
    at t (https://gameslnzcht1apac.lotteryplus.com/games/20259_nz_supercashdash/sideplayGame-concat.min.js?v=0.0.6:2:949667)
[2026-06-10T00:11:04.977Z] [console:log] Heartbeat @ https://gameslnzcht1apac.lotteryplus.com/games/20259_nz_supercashdash/sideplayGame-concat.min.js?v=0.0.6:1:1318567
[2026-06-10T00:11:05.132Z] [console:log] Websocket message received: MessageEvent @ https://gameslnzcht1apac.lotteryplus.com/games/20259_nz_supercashdash/sideplayGame-concat.min.js?v=0.0.6:1:1309692
[2026-06-10T00:11:05.132Z] [console:log] Received object: {timestamp: 495815361402478, requestType: heartbeat, regulatory: undefined, priority: 0, continue: false} @ https://gameslnzcht1apac.lotteryplus.com/games/20259_nz_supercashdash/sideplayGame-concat.min.js?v=0.0.6:1:1319953
[2026-06-10T00:11:05.132Z] [console:log] Response was expected. @ https://gameslnzcht1apac.lotteryplus.com/games/20259_nz_supercashdash/sideplayGame-concat.min.js?v=0.0.6:1:1320709