[2026-06-10T00:11:54.833Z] [console:startGroupCollapsed] %cPixiJS Deprecation Warning: %c%s color:#614108;background:#fffbe6 font-weight:normal;color:#614108;background:#fffbe6 settings.FILTER_RESOLUTION is deprecated, use Filter.defaultResolution
Deprecated since v7.1.0 @ https://gameslnzcht1apac.lotteryplus.com/games/20259_nz_supercashdash/sideplayGame-concat.min.js?v=0.0.6:1:246132
[2026-06-10T00:11:54.834Z] [console:warning] @https://gameslnzcht1apac.lotteryplus.com/games/20259_nz_supercashdash/sideplayGame-concat.min.js:2:1576104
global code@https://gameslnzcht1apac.lotteryplus.com/games/20259_nz_supercashdash/sideplayGame-concat.min.js:2:1576108 @ https://gameslnzcht1apac.lotteryplus.com/games/20259_nz_supercashdash/sideplayGame-concat.min.js?v=0.0.6:1:246303
[2026-06-10T00:11:54.834Z] [console:endGroup] 
[2026-06-10T00:11:55.134Z] [console:log] My iRGS site id is: 55 @ https://gameslnzcht1apac.lotteryplus.com/games/20259_nz_supercashdash/sideplayGame-concat.min.js?v=0.0.6:1:1358102
[2026-06-10T00:11:55.135Z] [console:log] SG Content Hub Wrapper init called @ https://gameslnzcht1apac.lotteryplus.com/games/20259_nz_supercashdash/sideplayGame-concat.min.js?v=0.0.6:1:1352244
[2026-06-10T00:11:55.672Z] [console:log] %c SG Overlay API Version: 1.7.54 DEV color: green;background: #000;font-size: 12px;padding: 3px @ https://hubfe-prod.instantrgs.com/wrap/sgfew.js?ts=1781050315133:0:49030
[2026-06-10T00:11:55.673Z] [console:log] %c Initialize operator LNZ color: green;background: #000;font-size: 12px;padding: 3px @ https://hubfe-prod.instantrgs.com/wrap/sgfew.js?ts=1781050315133:0:49907
[2026-06-10T00:11:55.976Z] [console:log] %c SGFE_BRIDGE Initialize called color: green;background: #000;font-size: 12px;padding: 3px @ https://hubfe-prod.instantrgs.com/wrap/sgfew.js?ts=1781050315133:0:50516
[2026-06-10T00:11:56.606Z] [console:log] %c SGFE_BRIDGE getOperatorInformation called color: green;background: #000;font-size: 12px;padding: 3px @ https://hubfe-prod.instantrgs.com/wrap/sgfew.js?ts=1781050315133:0:50767
[2026-06-10T00:11:56.607Z] [console:log] %c SGFE_BRIDGE notifyLoadingStarted called color: green;background: #000;font-size: 12px;padding: 3px @ https://hubfe-prod.instantrgs.com/wrap/sgfew.js?ts=1781050315133:0:52325
[2026-06-10T00:11:56.607Z] [console:warning] URL PARAM sendEvent undefined. @ https://gameslnzcht1apac.lotteryplus.com/games/20259_nz_supercashdash/sideplayGame-concat.min.js?v=0.0.6:1:1325394
[2026-06-10T00:11:56.610Z] [console:warning] URL PARAM jurisdiction undefined. @ https://gameslnzcht1apac.lotteryplus.com/games/20259_nz_supercashdash/sideplayGame-concat.min.js?v=0.0.6:1:1325394
[2026-06-10T00:11:56.610Z] [console:warning] URL PARAM historyURL undefined. @ https://gameslnzcht1apac.lotteryplus.com/games/20259_nz_supercashdash/sideplayGame-concat.min.js?v=0.0.6:1:1325394
[2026-06-10T00:11:56.611Z] [console:warning] URL PARAM showTimeFullScreen undefined. @ https://gameslnzcht1apac.lotteryplus.com/games/20259_nz_supercashdash/sideplayGame-concat.min.js?v=0.0.6:1:1325394
[2026-06-10T00:11:56.611Z] [console:warning] URL PARAM rcExpired undefined. @ https://gameslnzcht1apac.lotteryplus.com/games/20259_nz_supercashdash/sideplayGame-concat.min.js?v=0.0.6:1:1325394
[2026-06-10T00:11:56.611Z] [console:warning] URL PARAM rcStake undefined. @ https://gameslnzcht1apac.lotteryplus.com/games/20259_nz_supercashdash/sideplayGame-concat.min.js?v=0.0.6:1:1325394
[2026-06-10T00:11:56.611Z] [console:warning] URL PARAM rcPayout undefined. @ https://gameslnzcht1apac.lotteryplus.com/games/20259_nz_supercashdash/sideplayGame-concat.min.js?v=0.0.6:1:1325394
[2026-06-10T00:11:56.611Z] [console:warning] URL PARAM rcBets undefined. @ https://gameslnzcht1apac.lotteryplus.com/games/20259_nz_supercashdash/sideplayGame-concat.min.js?v=0.0.6:1:1325394
[2026-06-10T00:11:56.866Z] [console:log] Websocket opened :) Event @ https://gameslnzcht1apac.lotteryplus.com/games/20259_nz_supercashdash/sideplayGame-concat.min.js?v=0.0.6:1:1309415
[2026-06-10T00:11:56.867Z] [console:log] Logging in to websocket with request: {"lang":"en","sendEvent":null,"gameID":20259,"siteID":55,"brandID":540,"jurisdiction":null,"sessionID":"guest","fixedID":"guest","funReal":-1,"lobbyURL":"https://ripley.cat.mylotto.co.nz/instant-kiwi/online-games","historyURL":null,"endpoint":"irgslnzcht1apac.lotteryplus.com/irgs/websocket","showTimeFullScreen":null,"rcSet":"false","rcPeriod":0,"rcExpired":null,"rcStake":null,"rcPayout":null,"rcBets":null,"channel":"1","requestType":"login"} @ https://gameslnzcht1apac.lotteryplus.com/games/20259_nz_supercashdash/sideplayGame-concat.min.js?v=0.0.6:1:1317997
[2026-06-10T00:11:56.913Z] [console:log] Websocket message received: MessageEvent @ https://gameslnzcht1apac.lotteryplus.com/games/20259_nz_supercashdash/sideplayGame-concat.min.js?v=0.0.6:1:1309692
[2026-06-10T00:11:56.913Z] [console:log] Received object: {timestamp: 495867248678225, requestType: login, playerDetails: undefined, credit: Object, bonusCredit: undefined} @ https://gameslnzcht1apac.lotteryplus.com/games/20259_nz_supercashdash/sideplayGame-concat.min.js?v=0.0.6:1:1319953
[2026-06-10T00:11:56.913Z] [console:log] Response was expected. @ https://gameslnzcht1apac.lotteryplus.com/games/20259_nz_supercashdash/sideplayGame-concat.min.js?v=0.0.6:1:1320709
[2026-06-10T00:11:56.913Z] [console:log] Sending init @ https://gameslnzcht1apac.lotteryplus.com/games/20259_nz_supercashdash/sideplayGame-concat.min.js?v=0.0.6:1:1312500
[2026-06-10T00:11:57.001Z] [console:log] Websocket message received: MessageEvent @ https://gameslnzcht1apac.lotteryplus.com/games/20259_nz_supercashdash/sideplayGame-concat.min.js?v=0.0.6:1:1309692
[2026-06-10T00:11:57.001Z] [console:log] Received object: {timestamp: 495867329649938, requestType: game, publicState: undefined, setup: Object, tournaments: undefined} @ https://gameslnzcht1apac.lotteryplus.com/games/20259_nz_supercashdash/sideplayGame-concat.min.js?v=0.0.6:1:1319953
[2026-06-10T00:11:57.002Z] [console:log] Response was expected. @ https://gameslnzcht1apac.lotteryplus.com/games/20259_nz_supercashdash/sideplayGame-concat.min.js?v=0.0.6:1:1320709
[2026-06-10T00:11:57.002Z] [console:log] Sending setup. @ https://gameslnzcht1apac.lotteryplus.com/games/20259_nz_supercashdash/sideplayGame-concat.min.js?v=0.0.6:1:1312744
[2026-06-10T00:11:57.242Z] [console:log] Websocket message received: MessageEvent @ https://gameslnzcht1apac.lotteryplus.com/games/20259_nz_supercashdash/sideplayGame-concat.min.js?v=0.0.6:1:1309692
[2026-06-10T00:11:57.242Z] [console:log] Received object: {timestamp: 495867416282831, requestType: game, publicState: undefined, setup: Object, tournaments: undefined} @ https://gameslnzcht1apac.lotteryplus.com/games/20259_nz_supercashdash/sideplayGame-concat.min.js?v=0.0.6:1:1319953
[2026-06-10T00:11:57.242Z] [console:log] Response was expected. @ https://gameslnzcht1apac.lotteryplus.com/games/20259_nz_supercashdash/sideplayGame-concat.min.js?v=0.0.6:1:1320709
[2026-06-10T00:11:57.541Z] [console:warning] [Resolver] already has key: Inter Bold overwriting @ https://gameslnzcht1apac.lotteryplus.com/games/20259_nz_supercashdash/sideplayGame-concat.min.js?v=0.0.6:1:509254
[2026-06-10T00:11:57.541Z] [console:warning] [Resolver] already has key: core-Inter Bold overwriting @ https://gameslnzcht1apac.lotteryplus.com/games/20259_nz_supercashdash/sideplayGame-concat.min.js?v=0.0.6:1:509254
[2026-06-10T00:11:58.013Z] [console:log] %c SGFE_BRIDGE notifyLoadingProgress called color: green;background: #000;font-size: 12px;padding: 3px @ https://hubfe-prod.instantrgs.com/wrap/sgfew.js?ts=1781050315133:0:52746
[2026-06-10T00:11:58.013Z] [console:log] %c SGFE_BRIDGE notifyLoadingProgress called color: green;background: #000;font-size: 12px;padding: 3px @ https://hubfe-prod.instantrgs.com/wrap/sgfew.js?ts=1781050315133:0:52746
[2026-06-10T00:11:58.294Z] [console:log] %c SGFE_BRIDGE notifyLoadingProgress called color: green;background: #000;font-size: 12px;padding: 3px @ https://hubfe-prod.instantrgs.com/wrap/sgfew.js?ts=1781050315133:0:52746
[2026-06-10T00:11:58.294Z] [console:log] %c SGFE_BRIDGE notifyLoadingProgress called color: green;background: #000;font-size: 12px;padding: 3px @ https://hubfe-prod.instantrgs.com/wrap/sgfew.js?ts=1781050315133:0:52746
[2026-06-10T00:11:58.895Z] [console:log] %c SGFE_BRIDGE notifyLoadingProgress called color: green;background: #000;font-size: 12px;padding: 3px @ https://hubfe-prod.instantrgs.com/wrap/sgfew.js?ts=1781050315133:0:52746
[2026-06-10T00:11:58.951Z] [console:log] %c SGFE_BRIDGE notifyLoadingProgress called color: green;background: #000;font-size: 12px;padding: 3px @ https://hubfe-prod.instantrgs.com/wrap/sgfew.js?ts=1781050315133:0:52746
[2026-06-10T00:11:59.207Z] [console:log] %c SGFE_BRIDGE notifyLoadingProgress called color: green;background: #000;font-size: 12px;padding: 3px @ https://hubfe-prod.instantrgs.com/wrap/sgfew.js?ts=1781050315133:0:52746
[2026-06-10T00:11:59.207Z] [console:log] %c SGFE_BRIDGE notifyLoadingProgress called color: green;background: #000;font-size: 12px;padding: 3px @ https://hubfe-prod.instantrgs.com/wrap/sgfew.js?ts=1781050315133:0:52746
[2026-06-10T00:11:59.481Z] [console:log] %c SGFE_BRIDGE notifyLoadingProgress called color: green;background: #000;font-size: 12px;padding: 3px @ https://hubfe-prod.instantrgs.com/wrap/sgfew.js?ts=1781050315133:0:52746
[2026-06-10T00:11:59.985Z] [console:log] %c SGFE_BRIDGE notifyLoadingProgress called color: green;background: #000;font-size: 12px;padding: 3px @ https://hubfe-prod.instantrgs.com/wrap/sgfew.js?ts=1781050315133:0:52746
[2026-06-10T00:11:59.986Z] [console:log] %c SGFE_BRIDGE notifyLoadingProgress called color: green;background: #000;font-size: 12px;padding: 3px @ https://hubfe-prod.instantrgs.com/wrap/sgfew.js?ts=1781050315133:0:52746
[2026-06-10T00:12:00.244Z] [console:log] %c SGFE_BRIDGE notifyLoadingProgress called color: green;background: #000;font-size: 12px;padding: 3px @ https://hubfe-prod.instantrgs.com/wrap/sgfew.js?ts=1781050315133:0:52746
[2026-06-10T00:12:00.246Z] [console:log] %c SGFE_BRIDGE notifyLoadingProgress called color: green;background: #000;font-size: 12px;padding: 3px @ https://hubfe-prod.instantrgs.com/wrap/sgfew.js?ts=1781050315133:0:52746
[2026-06-10T00:12:00.633Z] [console:log] %c SGFE_BRIDGE notifyLoadingProgress called color: green;background: #000;font-size: 12px;padding: 3px @ https://hubfe-prod.instantrgs.com/wrap/sgfew.js?ts=1781050315133:0:52746
[2026-06-10T00:12:00.920Z] [console:log] %c SGFE_BRIDGE notifyLoadingProgress called color: green;background: #000;font-size: 12px;padding: 3px @ https://hubfe-prod.instantrgs.com/wrap/sgfew.js?ts=1781050315133:0:52746
[2026-06-10T00:12:00.922Z] [console:log] %c SGFE_BRIDGE notifyLoadingProgress called color: green;background: #000;font-size: 12px;padding: 3px @ https://hubfe-prod.instantrgs.com/wrap/sgfew.js?ts=1781050315133:0:52746
[2026-06-10T00:12:00.924Z] [console:log] %c SGFE_BRIDGE notifyLoadingProgress called color: green;background: #000;font-size: 12px;padding: 3px @ https://hubfe-prod.instantrgs.com/wrap/sgfew.js?ts=1781050315133:0:52746
[2026-06-10T00:12:00.924Z] [console:log] %c SGFE_BRIDGE notifyLoadingProgress called color: green;background: #000;font-size: 12px;padding: 3px @ https://hubfe-prod.instantrgs.com/wrap/sgfew.js?ts=1781050315133:0:52746
[2026-06-10T00:12:00.977Z] [console:log] %c SGFE_BRIDGE notifyLoadingProgress called color: green;background: #000;font-size: 12px;padding: 3px @ https://hubfe-prod.instantrgs.com/wrap/sgfew.js?ts=1781050315133:0:52746
[2026-06-10T00:12:00.977Z] [console:log] %c SGFE_BRIDGE notifyLoadingProgress called color: green;background: #000;font-size: 12px;padding: 3px @ https://hubfe-prod.instantrgs.com/wrap/sgfew.js?ts=1781050315133:0:52746
[2026-06-10T00:12:01.006Z] [console:log] %c SGFE_BRIDGE notifyLoadingProgress called color: green;background: #000;font-size: 12px;padding: 3px @ https://hubfe-prod.instantrgs.com/wrap/sgfew.js?ts=1781050315133:0:52746
[2026-06-10T00:12:01.006Z] [console:log] %c SGFE_BRIDGE notifyLoadingProgress called color: green;background: #000;font-size: 12px;padding: 3px @ https://hubfe-prod.instantrgs.com/wrap/sgfew.js?ts=1781050315133:0:52746
[2026-06-10T00:12:01.008Z] [console:log] %c SGFE_BRIDGE notifyLoadingProgress called color: green;background: #000;font-size: 12px;padding: 3px @ https://hubfe-prod.instantrgs.com/wrap/sgfew.js?ts=1781050315133:0:52746
[2026-06-10T00:12:01.008Z] [console:log] %c SGFE_BRIDGE notifyLoadingProgress called color: green;background: #000;font-size: 12px;padding: 3px @ https://hubfe-prod.instantrgs.com/wrap/sgfew.js?ts=1781050315133:0:52746
[2026-06-10T00:12:01.010Z] [console:log] %c SGFE_BRIDGE notifyLoadingProgress called color: green;background: #000;font-size: 12px;padding: 3px @ https://hubfe-prod.instantrgs.com/wrap/sgfew.js?ts=1781050315133:0:52746
[2026-06-10T00:12:01.080Z] [console:log] %c SGFE_BRIDGE notifyLoadingProgress called color: green;background: #000;font-size: 12px;padding: 3px @ https://hubfe-prod.instantrgs.com/wrap/sgfew.js?ts=1781050315133:0:52746
[2026-06-10T00:12:01.283Z] [console:log] %c SGFE_BRIDGE notifyLoadingProgress called color: green;background: #000;font-size: 12px;padding: 3px @ https://hubfe-prod.instantrgs.com/wrap/sgfew.js?ts=1781050315133:0:52746
[2026-06-10T00:12:01.299Z] [console:log] %c SGFE_BRIDGE notifyLoadingProgress called color: green;background: #000;font-size: 12px;padding: 3px @ https://hubfe-prod.instantrgs.com/wrap/sgfew.js?ts=1781050315133:0:52746
[2026-06-10T00:12:01.325Z] [console:log] %c SGFE_BRIDGE notifyLoadingProgress called color: green;background: #000;font-size: 12px;padding: 3px @ https://hubfe-prod.instantrgs.com/wrap/sgfew.js?ts=1781050315133:0:52746
[2026-06-10T00:12:01.335Z] [console:log] %c SGFE_BRIDGE notifyLoadingProgress called color: green;background: #000;font-size: 12px;padding: 3px @ https://hubfe-prod.instantrgs.com/wrap/sgfew.js?ts=1781050315133:0:52746
[2026-06-10T00:12:01.427Z] [console:log] %c SGFE_BRIDGE notifyLoadingProgress called color: green;background: #000;font-size: 12px;padding: 3px @ https://hubfe-prod.instantrgs.com/wrap/sgfew.js?ts=1781050315133:0:52746
[2026-06-10T00:12:01.427Z] [console:log] %c SGFE_BRIDGE notifyLoadingProgress called color: green;background: #000;font-size: 12px;padding: 3px @ https://hubfe-prod.instantrgs.com/wrap/sgfew.js?ts=1781050315133:0:52746
[2026-06-10T00:12:01.427Z] [console:log] %c SGFE_BRIDGE notifyLoadingProgress called color: green;background: #000;font-size: 12px;padding: 3px @ https://hubfe-prod.instantrgs.com/wrap/sgfew.js?ts=1781050315133:0:52746
[2026-06-10T00:12:01.428Z] [console:log] %c SGFE_BRIDGE notifyLoadingProgress called color: green;background: #000;font-size: 12px;padding: 3px @ https://hubfe-prod.instantrgs.com/wrap/sgfew.js?ts=1781050315133:0:52746
[2026-06-10T00:12:01.428Z] [console:log] %c SGFE_BRIDGE notifyLoadingProgress called color: green;background: #000;font-size: 12px;padding: 3px @ https://hubfe-prod.instantrgs.com/wrap/sgfew.js?ts=1781050315133:0:52746
[2026-06-10T00:12:01.432Z] [console:log] %c SGFE_BRIDGE notifyLoadingProgress called color: green;background: #000;font-size: 12px;padding: 3px @ https://hubfe-prod.instantrgs.com/wrap/sgfew.js?ts=1781050315133:0:52746
[2026-06-10T00:12:01.432Z] [console:log] %c SGFE_BRIDGE notifyLoadingProgress called color: green;background: #000;font-size: 12px;padding: 3px @ https://hubfe-prod.instantrgs.com/wrap/sgfew.js?ts=1781050315133:0:52746
[2026-06-10T00:12:01.499Z] [console:log] %c SGFE_BRIDGE notifyLoadingProgress called color: green;background: #000;font-size: 12px;padding: 3px @ https://hubfe-prod.instantrgs.com/wrap/sgfew.js?ts=1781050315133:0:52746
[2026-06-10T00:12:01.499Z] [console:log] %c SGFE_BRIDGE notifyLoadingProgress called color: green;background: #000;font-size: 12px;padding: 3px @ https://hubfe-prod.instantrgs.com/wrap/sgfew.js?ts=1781050315133:0:52746
[2026-06-10T00:12:01.721Z] [console:log] %c SGFE_BRIDGE notifyLoadingProgress called color: green;background: #000;font-size: 12px;padding: 3px @ https://hubfe-prod.instantrgs.com/wrap/sgfew.js?ts=1781050315133:0:52746
[2026-06-10T00:12:01.768Z] [console:log] %c SGFE_BRIDGE notifyLoadingProgress called color: green;background: #000;font-size: 12px;padding: 3px @ https://hubfe-prod.instantrgs.com/wrap/sgfew.js?ts=1781050315133:0:52746
[2026-06-10T00:12:01.783Z] [console:log] %c SGFE_BRIDGE notifyLoadingProgress called color: green;background: #000;font-size: 12px;padding: 3px @ https://hubfe-prod.instantrgs.com/wrap/sgfew.js?ts=1781050315133:0:52746
[2026-06-10T00:12:01.786Z] [console:log] %c SGFE_BRIDGE notifyLoadingProgress called color: green;background: #000;font-size: 12px;padding: 3px @ https://hubfe-prod.instantrgs.com/wrap/sgfew.js?ts=1781050315133:0:52746
[2026-06-10T00:12:01.857Z] [console:log] %c SGFE_BRIDGE notifyLoadingProgress called color: green;background: #000;font-size: 12px;padding: 3px @ https://hubfe-prod.instantrgs.com/wrap/sgfew.js?ts=1781050315133:0:52746
[2026-06-10T00:12:02.015Z] [console:log] %c SGFE_BRIDGE notifyLoadingProgress called color: green;background: #000;font-size: 12px;padding: 3px @ https://hubfe-prod.instantrgs.com/wrap/sgfew.js?ts=1781050315133:0:52746
[2026-06-10T00:12:02.017Z] [console:log] %c SGFE_BRIDGE notifyLoadingProgress called color: green;background: #000;font-size: 12px;padding: 3px @ https://hubfe-prod.instantrgs.com/wrap/sgfew.js?ts=1781050315133:0:52746
[2026-06-10T00:12:02.017Z] [console:log] %c SGFE_BRIDGE notifyLoadingProgress called color: green;background: #000;font-size: 12px;padding: 3px @ https://hubfe-prod.instantrgs.com/wrap/sgfew.js?ts=1781050315133:0:52746
[2026-06-10T00:12:02.021Z] [console:log] %c SGFE_BRIDGE notifyLoadingProgress called color: green;background: #000;font-size: 12px;padding: 3px @ https://hubfe-prod.instantrgs.com/wrap/sgfew.js?ts=1781050315133:0:52746
[2026-06-10T00:12:02.093Z] [console:log] %c SGFE_BRIDGE notifyLoadingProgress called color: green;background: #000;font-size: 12px;padding: 3px @ https://hubfe-prod.instantrgs.com/wrap/sgfew.js?ts=1781050315133:0:52746
[2026-06-10T00:12:02.093Z] [console:log] %c SGFE_BRIDGE notifyLoadingProgress called color: green;background: #000;font-size: 12px;padding: 3px @ https://hubfe-prod.instantrgs.com/wrap/sgfew.js?ts=1781050315133:0:52746
[2026-06-10T00:12:02.093Z] [console:log] %c SGFE_BRIDGE notifyLoadingProgress called color: green;background: #000;font-size: 12px;padding: 3px @ https://hubfe-prod.instantrgs.com/wrap/sgfew.js?ts=1781050315133:0:52746
[2026-06-10T00:12:02.093Z] [console:log] %c SGFE_BRIDGE notifyLoadingProgress called color: green;background: #000;font-size: 12px;padding: 3px @ https://hubfe-prod.instantrgs.com/wrap/sgfew.js?ts=1781050315133:0:52746
[2026-06-10T00:12:02.093Z] [console:log] %c SGFE_BRIDGE notifyLoadingProgress called color: green;background: #000;font-size: 12px;padding: 3px @ https://hubfe-prod.instantrgs.com/wrap/sgfew.js?ts=1781050315133:0:52746
[2026-06-10T00:12:02.094Z] [console:log] %c SGFE_BRIDGE notifyLoadingProgress called color: green;background: #000;font-size: 12px;padding: 3px @ https://hubfe-prod.instantrgs.com/wrap/sgfew.js?ts=1781050315133:0:52746
[2026-06-10T00:12:02.165Z] [console:log] %c SGFE_BRIDGE notifyLoadingProgress called color: green;background: #000;font-size: 12px;padding: 3px @ https://hubfe-prod.instantrgs.com/wrap/sgfew.js?ts=1781050315133:0:52746
[2026-06-10T00:12:02.306Z] [console:log] %c SGFE_BRIDGE notifyLoadingProgress called color: green;background: #000;font-size: 12px;padding: 3px @ https://hubfe-prod.instantrgs.com/wrap/sgfew.js?ts=1781050315133:0:52746
[2026-06-10T00:12:02.307Z] [console:log] %c SGFE_BRIDGE notifyLoadingProgress called color: green;background: #000;font-size: 12px;padding: 3px @ https://hubfe-prod.instantrgs.com/wrap/sgfew.js?ts=1781050315133:0:52746
[2026-06-10T00:12:02.350Z] [console:log] %c SGFE_BRIDGE notifyLoadingProgress called color: green;background: #000;font-size: 12px;padding: 3px @ https://hubfe-prod.instantrgs.com/wrap/sgfew.js?ts=1781050315133:0:52746
[2026-06-10T00:12:02.362Z] [console:log] %c SGFE_BRIDGE notifyLoadingProgress called color: green;background: #000;font-size: 12px;padding: 3px @ https://hubfe-prod.instantrgs.com/wrap/sgfew.js?ts=1781050315133:0:52746
[2026-06-10T00:12:02.365Z] [console:log] %c SGFE_BRIDGE notifyLoadingProgress called color: green;background: #000;font-size: 12px;padding: 3px @ https://hubfe-prod.instantrgs.com/wrap/sgfew.js?ts=1781050315133:0:52746
[2026-06-10T00:12:02.366Z] [console:log] %c SGFE_BRIDGE notifyLoadingProgress called color: green;background: #000;font-size: 12px;padding: 3px @ https://hubfe-prod.instantrgs.com/wrap/sgfew.js?ts=1781050315133:0:52746
[2026-06-10T00:12:02.444Z] [console:log] %c SGFE_BRIDGE notifyLoadingProgress called color: green;background: #000;font-size: 12px;padding: 3px @ https://hubfe-prod.instantrgs.com/wrap/sgfew.js?ts=1781050315133:0:52746
[2026-06-10T00:12:02.574Z] [console:log] %c SGFE_BRIDGE notifyLoadingProgress called color: green;background: #000;font-size: 12px;padding: 3px @ https://hubfe-prod.instantrgs.com/wrap/sgfew.js?ts=1781050315133:0:52746
[2026-06-10T00:12:02.574Z] [console:log] %c SGFE_BRIDGE notifyLoadingProgress called color: green;background: #000;font-size: 12px;padding: 3px @ https://hubfe-prod.instantrgs.com/wrap/sgfew.js?ts=1781050315133:0:52746
[2026-06-10T00:12:02.574Z] [console:log] %c SGFE_BRIDGE notifyLoadingProgress called color: green;background: #000;font-size: 12px;padding: 3px @ https://hubfe-prod.instantrgs.com/wrap/sgfew.js?ts=1781050315133:0:52746
[2026-06-10T00:12:02.574Z] [console:log] %c SGFE_BRIDGE notifyLoadingProgress called color: green;background: #000;font-size: 12px;padding: 3px @ https://hubfe-prod.instantrgs.com/wrap/sgfew.js?ts=1781050315133:0:52746
[2026-06-10T00:12:02.574Z] [console:log] %c SGFE_BRIDGE notifyLoadingProgress called color: green;background: #000;font-size: 12px;padding: 3px @ https://hubfe-prod.instantrgs.com/wrap/sgfew.js?ts=1781050315133:0:52746
[2026-06-10T00:12:02.615Z] [console:log] %c SGFE_BRIDGE notifyLoadingProgress called color: green;background: #000;font-size: 12px;padding: 3px @ https://hubfe-prod.instantrgs.com/wrap/sgfew.js?ts=1781050315133:0:52746
[2026-06-10T00:12:02.615Z] [console:log] %c SGFE_BRIDGE notifyLoadingProgress called color: green;background: #000;font-size: 12px;padding: 3px @ https://hubfe-prod.instantrgs.com/wrap/sgfew.js?ts=1781050315133:0:52746
[2026-06-10T00:12:02.837Z] [console:log] %c SGFE_BRIDGE notifyLoadingProgress called color: green;background: #000;font-size: 12px;padding: 3px @ https://hubfe-prod.instantrgs.com/wrap/sgfew.js?ts=1781050315133:0:52746
[2026-06-10T00:12:02.872Z] [console:log] %c SGFE_BRIDGE notifyLoadingProgress called color: green;background: #000;font-size: 12px;padding: 3px @ https://hubfe-prod.instantrgs.com/wrap/sgfew.js?ts=1781050315133:0:52746
[2026-06-10T00:12:03.165Z] [console:log] %c SGFE_BRIDGE notifyLoadingProgress called color: green;background: #000;font-size: 12px;padding: 3px @ https://hubfe-prod.instantrgs.com/wrap/sgfew.js?ts=1781050315133:0:52746
[2026-06-10T00:12:03.170Z] [console:log] %c SGFE_BRIDGE notifyLoadingProgress called color: green;background: #000;font-size: 12px;padding: 3px @ https://hubfe-prod.instantrgs.com/wrap/sgfew.js?ts=1781050315133:0:52746
[2026-06-10T00:12:03.325Z] [console:log] %c SGFE_BRIDGE notifyLoadingProgress called color: green;background: #000;font-size: 12px;padding: 3px @ https://hubfe-prod.instantrgs.com/wrap/sgfew.js?ts=1781050315133:0:52746
[2026-06-10T00:12:03.335Z] [console:log] %c SGFE_BRIDGE notifyLoadingProgress called color: green;background: #000;font-size: 12px;padding: 3px @ https://hubfe-prod.instantrgs.com/wrap/sgfew.js?ts=1781050315133:0:52746
[2026-06-10T00:12:03.335Z] [console:log] %c SGFE_BRIDGE notifyLoadingProgress called color: green;background: #000;font-size: 12px;padding: 3px @ https://hubfe-prod.instantrgs.com/wrap/sgfew.js?ts=1781050315133:0:52746
[2026-06-10T00:12:03.415Z] [console:log] %c SGFE_BRIDGE notifyLoadingProgress called color: green;background: #000;font-size: 12px;padding: 3px @ https://hubfe-prod.instantrgs.com/wrap/sgfew.js?ts=1781050315133:0:52746
[2026-06-10T00:12:03.415Z] [console:log] %c SGFE_BRIDGE notifyLoadingProgress called color: green;background: #000;font-size: 12px;padding: 3px @ https://hubfe-prod.instantrgs.com/wrap/sgfew.js?ts=1781050315133:0:52746
[2026-06-10T00:12:03.591Z] [console:log] %c SGFE_BRIDGE notifyLoadingProgress called color: green;background: #000;font-size: 12px;padding: 3px @ https://hubfe-prod.instantrgs.com/wrap/sgfew.js?ts=1781050315133:0:52746
[2026-06-10T00:12:03.594Z] [console:log] %c SGFE_BRIDGE notifyLoadingProgress called color: green;background: #000;font-size: 12px;padding: 3px @ https://hubfe-prod.instantrgs.com/wrap/sgfew.js?ts=1781050315133:0:52746
[2026-06-10T00:12:03.599Z] [console:log] %c SGFE_BRIDGE notifyLoadingProgress called color: green;background: #000;font-size: 12px;padding: 3px @ https://hubfe-prod.instantrgs.com/wrap/sgfew.js?ts=1781050315133:0:52746
[2026-06-10T00:12:03.716Z] [console:log] %c SGFE_BRIDGE notifyLoadingProgress called color: green;background: #000;font-size: 12px;padding: 3px @ https://hubfe-prod.instantrgs.com/wrap/sgfew.js?ts=1781050315133:0:52746
[2026-06-10T00:12:03.858Z] [console:log] %c SGFE_BRIDGE notifyLoadingProgress called color: green;background: #000;font-size: 12px;padding: 3px @ https://hubfe-prod.instantrgs.com/wrap/sgfew.js?ts=1781050315133:0:52746
[2026-06-10T00:12:03.859Z] [console:log] %c SGFE_BRIDGE notifyLoadingProgress called color: green;background: #000;font-size: 12px;padding: 3px @ https://hubfe-prod.instantrgs.com/wrap/sgfew.js?ts=1781050315133:0:52746
[2026-06-10T00:12:03.906Z] [console:log] %c SGFE_BRIDGE notifyLoadingProgress called color: green;background: #000;font-size: 12px;padding: 3px @ https://hubfe-prod.instantrgs.com/wrap/sgfew.js?ts=1781050315133:0:52746
[2026-06-10T00:12:03.909Z] [console:log] %c SGFE_BRIDGE notifyLoadingProgress called color: green;background: #000;font-size: 12px;padding: 3px @ https://hubfe-prod.instantrgs.com/wrap/sgfew.js?ts=1781050315133:0:52746
[2026-06-10T00:12:04.102Z] [console:log] %c SGFE_BRIDGE notifyLoadingProgress called color: green;background: #000;font-size: 12px;padding: 3px @ https://hubfe-prod.instantrgs.com/wrap/sgfew.js?ts=1781050315133:0:52746
[2026-06-10T00:12:04.102Z] [console:log] %c SGFE_BRIDGE notifyLoadingProgress called color: green;background: #000;font-size: 12px;padding: 3px @ https://hubfe-prod.instantrgs.com/wrap/sgfew.js?ts=1781050315133:0:52746
[2026-06-10T00:12:04.102Z] [console:log] %c SGFE_BRIDGE notifyLoadingProgress called color: green;background: #000;font-size: 12px;padding: 3px @ https://hubfe-prod.instantrgs.com/wrap/sgfew.js?ts=1781050315133:0:52746
[2026-06-10T00:12:04.102Z] [console:log] %c SGFE_BRIDGE notifyLoadingProgress called color: green;background: #000;font-size: 12px;padding: 3px @ https://hubfe-prod.instantrgs.com/wrap/sgfew.js?ts=1781050315133:0:52746
[2026-06-10T00:12:04.361Z] [console:log] %c SGFE_BRIDGE notifyLoadingProgress called color: green;background: #000;font-size: 12px;padding: 3px @ https://hubfe-prod.instantrgs.com/wrap/sgfew.js?ts=1781050315133:0:52746
[2026-06-10T00:12:04.361Z] [console:log] %c SGFE_BRIDGE notifyLoadingProgress called color: green;background: #000;font-size: 12px;padding: 3px @ https://hubfe-prod.instantrgs.com/wrap/sgfew.js?ts=1781050315133:0:52746
[2026-06-10T00:12:04.362Z] [console:log] %c SGFE_BRIDGE notifyLoadingProgress called color: green;background: #000;font-size: 12px;padding: 3px @ https://hubfe-prod.instantrgs.com/wrap/sgfew.js?ts=1781050315133:0:52746
[2026-06-10T00:12:04.362Z] [console:log] %c SGFE_BRIDGE notifyLoadingProgress called color: green;background: #000;font-size: 12px;padding: 3px @ https://hubfe-prod.instantrgs.com/wrap/sgfew.js?ts=1781050315133:0:52746
[2026-06-10T00:12:04.415Z] [console:log] %c SGFE_BRIDGE notifyLoadingProgress called color: green;background: #000;font-size: 12px;padding: 3px @ https://hubfe-prod.instantrgs.com/wrap/sgfew.js?ts=1781050315133:0:52746
[2026-06-10T00:12:04.415Z] [console:log] %c SGFE_BRIDGE notifyLoadingProgress called color: green;background: #000;font-size: 12px;padding: 3px @ https://hubfe-prod.instantrgs.com/wrap/sgfew.js?ts=1781050315133:0:52746
[2026-06-10T00:12:04.488Z] [console:log] %c SGFE_BRIDGE notifyLoadingProgress called color: green;background: #000;font-size: 12px;padding: 3px @ https://hubfe-prod.instantrgs.com/wrap/sgfew.js?ts=1781050315133:0:52746
[2026-06-10T00:12:04.488Z] [console:log] %c SGFE_BRIDGE notifyLoadingProgress called color: green;background: #000;font-size: 12px;padding: 3px @ https://hubfe-prod.instantrgs.com/wrap/sgfew.js?ts=1781050315133:0:52746
[2026-06-10T00:12:04.654Z] [console:log] %c SGFE_BRIDGE notifyLoadingProgress called color: green;background: #000;font-size: 12px;padding: 3px @ https://hubfe-prod.instantrgs.com/wrap/sgfew.js?ts=1781050315133:0:52746
[2026-06-10T00:12:04.654Z] [console:log] %c SGFE_BRIDGE notifyLoadingProgress called color: green;background: #000;font-size: 12px;padding: 3px @ https://hubfe-prod.instantrgs.com/wrap/sgfew.js?ts=1781050315133:0:52746
[2026-06-10T00:12:04.658Z] [console:log] %c SGFE_BRIDGE notifyLoadingProgress called color: green;background: #000;font-size: 12px;padding: 3px @ https://hubfe-prod.instantrgs.com/wrap/sgfew.js?ts=1781050315133:0:52746
[2026-06-10T00:12:04.658Z] [console:log] %c SGFE_BRIDGE notifyLoadingProgress called color: green;background: #000;font-size: 12px;padding: 3px @ https://hubfe-prod.instantrgs.com/wrap/sgfew.js?ts=1781050315133:0:52746
[2026-06-10T00:12:04.914Z] [console:log] %c SGFE_BRIDGE notifyLoadingProgress called color: green;background: #000;font-size: 12px;padding: 3px @ https://hubfe-prod.instantrgs.com/wrap/sgfew.js?ts=1781050315133:0:52746
[2026-06-10T00:12:04.917Z] [console:log] %c SGFE_BRIDGE notifyLoadingProgress called color: green;background: #000;font-size: 12px;padding: 3px @ https://hubfe-prod.instantrgs.com/wrap/sgfew.js?ts=1781050315133:0:52746
[2026-06-10T00:12:04.917Z] [console:log] %c SGFE_BRIDGE notifyLoadingProgress called color: green;background: #000;font-size: 12px;padding: 3px @ https://hubfe-prod.instantrgs.com/wrap/sgfew.js?ts=1781050315133:0:52746
[2026-06-10T00:12:04.918Z] [console:log] %c SGFE_BRIDGE notifyLoadingProgress called color: green;background: #000;font-size: 12px;padding: 3px @ https://hubfe-prod.instantrgs.com/wrap/sgfew.js?ts=1781050315133:0:52746
[2026-06-10T00:12:04.995Z] [console:log] %c SGFE_BRIDGE notifyLoadingProgress called color: green;background: #000;font-size: 12px;padding: 3px @ https://hubfe-prod.instantrgs.com/wrap/sgfew.js?ts=1781050315133:0:52746
[2026-06-10T00:12:04.995Z] [console:log] %c SGFE_BRIDGE notifyLoadingProgress called color: green;background: #000;font-size: 12px;padding: 3px @ https://hubfe-prod.instantrgs.com/wrap/sgfew.js?ts=1781050315133:0:52746
[2026-06-10T00:12:05.125Z] [console:log] %c SGFE_BRIDGE notifyLoadingProgress called color: green;background: #000;font-size: 12px;padding: 3px @ https://hubfe-prod.instantrgs.com/wrap/sgfew.js?ts=1781050315133:0:52746
[2026-06-10T00:12:05.126Z] [console:log] %c SGFE_BRIDGE notifyLoadingProgress called color: green;background: #000;font-size: 12px;padding: 3px @ https://hubfe-prod.instantrgs.com/wrap/sgfew.js?ts=1781050315133:0:52746
[2026-06-10T00:12:05.195Z] [console:log] %c SGFE_BRIDGE notifyLoadingProgress called color: green;background: #000;font-size: 12px;padding: 3px @ https://hubfe-prod.instantrgs.com/wrap/sgfew.js?ts=1781050315133:0:52746
[2026-06-10T00:12:05.200Z] [console:log] %c SGFE_BRIDGE notifyLoadingProgress called color: green;background: #000;font-size: 12px;padding: 3px @ https://hubfe-prod.instantrgs.com/wrap/sgfew.js?ts=1781050315133:0:52746
[2026-06-10T00:12:05.441Z] [console:log] %c SGFE_BRIDGE notifyLoadingProgress called color: green;background: #000;font-size: 12px;padding: 3px @ https://hubfe-prod.instantrgs.com/wrap/sgfew.js?ts=1781050315133:0:52746
[2026-06-10T00:12:06.630Z] [console:warning] [Cache] already has key: menu_panel_open @ https://gameslnzcht1apac.lotteryplus.com/games/20259_nz_supercashdash/sideplayGame-concat.min.js?v=0.0.6:1:498111
[2026-06-10T00:12:06.631Z] [console:log] %c SGFE_BRIDGE notifyLoadingProgress called color: green;background: #000;font-size: 12px;padding: 3px @ https://hubfe-prod.instantrgs.com/wrap/sgfew.js?ts=1781050315133:0:52746
[2026-06-10T00:12:06.961Z] [console:log] %c SGFE_BRIDGE notifyLoadingProgress called color: green;background: #000;font-size: 12px;padding: 3px @ https://hubfe-prod.instantrgs.com/wrap/sgfew.js?ts=1781050315133:0:52746
[2026-06-10T00:12:07.167Z] [console:log] %c SGFE_BRIDGE notifyLoadingProgress called color: green;background: #000;font-size: 12px;padding: 3px @ https://hubfe-prod.instantrgs.com/wrap/sgfew.js?ts=1781050315133:0:52746
[2026-06-10T00:12:07.345Z] [console:log] %c SGFE_BRIDGE notifyLoadingProgress called color: green;background: #000;font-size: 12px;padding: 3px @ https://hubfe-prod.instantrgs.com/wrap/sgfew.js?ts=1781050315133:0:52746
[2026-06-10T00:12:08.242Z] [console:log] %c SGFE_BRIDGE notifyLoadingProgress called color: green;background: #000;font-size: 12px;padding: 3px @ https://hubfe-prod.instantrgs.com/wrap/sgfew.js?ts=1781050315133:0:52746
[2026-06-10T00:12:08.300Z] [console:log] %c SGFE_BRIDGE notifyLoadingProgress called color: green;background: #000;font-size: 12px;padding: 3px @ https://hubfe-prod.instantrgs.com/wrap/sgfew.js?ts=1781050315133:0:52746
[2026-06-10T00:12:08.421Z] [console:log] %c SGFE_BRIDGE notifyLoadingProgress called color: green;background: #000;font-size: 12px;padding: 3px @ https://hubfe-prod.instantrgs.com/wrap/sgfew.js?ts=1781050315133:0:52746
[2026-06-10T00:12:08.686Z] [console:log] %c SGFE_BRIDGE notifyLoadingProgress called color: green;background: #000;font-size: 12px;padding: 3px @ https://hubfe-prod.instantrgs.com/wrap/sgfew.js?ts=1781050315133:0:52746
[2026-06-10T00:12:08.687Z] [console:log] %c SGFE_BRIDGE notifyBalanceUpdate called color: green;background: #000;font-size: 12px;padding: 3px @ https://hubfe-prod.instantrgs.com/wrap/sgfew.js?ts=1781050315133:0:53263
[2026-06-10T00:12:08.687Z] [console:log] %c SGFE_BRIDGE notifyStakeUpdate called color: green;background: #000;font-size: 12px;padding: 3px @ https://hubfe-prod.instantrgs.com/wrap/sgfew.js?ts=1781050315133:0:53124
[2026-06-10T00:12:08.687Z] [console:log] %c SGFE_BRIDGE notifyLoadingEnded called color: green;background: #000;font-size: 12px;padding: 3px @ https://hubfe-prod.instantrgs.com/wrap/sgfew.js?ts=1781050315133:0:52986
[2026-06-10T00:12:09.254Z] [console:startGroupCollapsed] %cPixiJS Deprecation Warning: %c%s color:#614108;background:#fffbe6 font-weight:normal;color:#614108;background:#fffbe6 Setting interactive is deprecated, use eventMode = 'none'/'passive'/'auto'/'static'/'dynamic' instead.
Deprecated since v7.2.0 @ https://gameslnzcht1apac.lotteryplus.com/games/20259_nz_supercashdash/sideplayGame-concat.min.js?v=0.0.6:1:246132
[2026-06-10T00:12:09.254Z] [console:warning] TT@https://gameslnzcht1apac.lotteryplus.com/games/20259_nz_supercashdash/sideplayGame-concat.min.js:2:1549965
load@https://gameslnzcht1apac.lotteryplus.com/games/20259_nz_supercashdash/sideplayGame-concat.min.js:2:1551892
addStates@https://gameslnzcht1apac.lotteryplus.com/games/20259_nz_supercashdash/sideplayGame-concat.min.js:2:1266911
setup@https://gameslnzcht1apac.lotteryplus.com/games/20259_nz_supercashdash/sideplayGame-concat.min.js:2:1417351
@https://gameslnzcht1apac.lotteryplus.com/games/20259_nz_supercashdash/sideplayGame-concat.min.js:2:1575830 @ https://gameslnzcht1apac.lotteryplus.com/games/20259_nz_supercashdash/sideplayGame-concat.min.js?v=0.0.6:1:246303
[2026-06-10T00:12:09.255Z] [console:endGroup] 
[2026-06-10T00:12:09.271Z] [console:startGroupCollapsed] %cPixiJS Deprecation Warning: %c%s color:#614108;background:#fffbe6 font-weight:normal;color:#614108;background:#fffbe6 utils.hex2rgb is deprecated, use Color#toRgbArray instead
Deprecated since v7.2.0 @ https://gameslnzcht1apac.lotteryplus.com/games/20259_nz_supercashdash/sideplayGame-concat.min.js?v=0.0.6:1:246132
[2026-06-10T00:12:09.271Z] [console:warning] assign@[native code]
IS@https://gameslnzcht1apac.lotteryplus.com/games/20259_nz_supercashdash/sideplayGame-concat.min.js:2:1446726
load@https://gameslnzcht1apac.lotteryplus.com/games/20259_nz_supercashdash/sideplayGame-concat.min.js:2:1448360
addStates@https://gameslnzcht1apac.lotteryplus.com/games/20259_nz_supercashdash/sideplayGame-concat.min.js:2:1266911
setup@https://gameslnzcht1apac.lotteryplus.com/games/20259_nz_supercashdash/sideplayGame-concat.min.js:2:1417351
@https://gameslnzcht1apac.lotteryplus.com/games/20259_nz_supercashdash/sideplayGame-concat.min.js:2:1575830 @ https://gameslnzcht1apac.lotteryplus.com/games/20259_nz_supercashdash/sideplayGame-concat.min.js?v=0.0.6:1:246303
[2026-06-10T00:12:09.271Z] [console:endGroup] 
[2026-06-10T00:12:09.550Z] [console:log] %c SGFE_BRIDGE notifyGameIsReady called color: green;background: #000;font-size: 12px;padding: 3px @ https://hubfe-prod.instantrgs.com/wrap/sgfew.js?ts=1781050315133:0:51425
[2026-06-10T00:12:09.550Z] [console:log] %c SGFE_BRIDGE notifyStakeUpdate called color: green;background: #000;font-size: 12px;padding: 3px @ https://hubfe-prod.instantrgs.com/wrap/sgfew.js?ts=1781050315133:0:53124